The system is: Linux - 3.11.0-19-generic - x86_64
Compiling the C compiler identification source file "CMakeCCompilerId.c" succeeded.
Compiler: /usr/bin/cc 
Build flags: 
Id flags: 

The output was:
0


Compilation of the C compiler identification source "CMakeCCompilerId.c" produced "a.out"

The C compiler identification is GNU, found in "/home/carlo/Dropbox/workspace/KDiamond/kdiamond/CMakeFiles/2.8.11.2/CompilerIdC/a.out"

Compiling the CXX compiler identification source file "CMakeCXXCompilerId.cpp" succeeded.
Compiler: /usr/bin/c++ 
Build flags: 
Id flags: 

The output was:
0


Compilation of the CXX compiler identification source "CMakeCXXCompilerId.cpp" produced "a.out"

The CXX compiler identification is GNU, found in "/home/carlo/Dropbox/workspace/KDiamond/kdiamond/CMakeFiles/2.8.11.2/CompilerIdCXX/a.out"

Determining if the C compiler works passed with the following output:
Change Dir: /home/carlo/Dropbox/workspace/KDiamond/kdiamond/CMakeFiles/CMakeTmp

Run Build Command:/usr/bin/make "cmTryCompileExec1431945582/fast"
/usr/bin/make -f CMakeFiles/cmTryCompileExec1431945582.dir/build.make CMakeFiles/cmTryCompileExec1431945582.dir/build
make[1]: ingresso nella directory "/home/carlo/Dropbox/workspace/KDiamond/kdiamond/CMakeFiles/CMakeTmp"
/usr/bin/cmake -E cmake_progress_report /home/carlo/Dropbox/workspace/KDiamond/kdiamond/CMakeFiles/CMakeTmp/CMakeFiles 1
Building C object CMakeFiles/cmTryCompileExec1431945582.dir/testCCompiler.c.o
/usr/bin/cc    -o CMakeFiles/cmTryCompileExec1431945582.dir/testCCompiler.c.o   -c /home/carlo/Dropbox/workspace/KDiamond/kdiamond/CMakeFiles/CMakeTmp/testCCompiler.c
Linking C executable cmTryCompileExec1431945582
/usr/bin/cmake -E cmake_link_script CMakeFiles/cmTryCompileExec1431945582.dir/link.txt --verbose=1
/usr/bin/cc         CMakeFiles/cmTryCompileExec1431945582.dir/testCCompiler.c.o  -o cmTryCompileExec1431945582 -rdynamic 
make[1]: uscita dalla directory "/home/carlo/Dropbox/workspace/KDiamond/kdiamond/CMakeFiles/CMakeTmp"


Detecting C compiler ABI info compiled with the following output:
Change Dir: /home/carlo/Dropbox/workspace/KDiamond/kdiamond/CMakeFiles/CMakeTmp

Run Build Command:/usr/bin/make "cmTryCompileExec4116498038/fast"
/usr/bin/make -f CMakeFiles/cmTryCompileExec4116498038.dir/build.make CMakeFiles/cmTryCompileExec4116498038.dir/build
make[1]: ingresso nella directory "/home/carlo/Dropbox/workspace/KDiamond/kdiamond/CMakeFiles/CMakeTmp"
/usr/bin/cmake -E cmake_progress_report /home/carlo/Dropbox/workspace/KDiamond/kdiamond/CMakeFiles/CMakeTmp/CMakeFiles 1
Building C object CMakeFiles/cmTryCompileExec4116498038.dir/CMakeCCompilerABI.c.o
/usr/bin/cc    -o CMakeFiles/cmTryCompileExec4116498038.dir/CMakeCCompilerABI.c.o   -c /usr/share/cmake-2.8/Modules/CMakeCCompilerABI.c
Linking C executable cmTryCompileExec4116498038
/usr/bin/cmake -E cmake_link_script CMakeFiles/cmTryCompileExec4116498038.dir/link.txt --verbose=1
/usr/bin/cc       -v CMakeFiles/cmTryCompileExec4116498038.dir/CMakeCCompilerABI.c.o  -o cmTryCompileExec4116498038 -rdynamic  
Using built-in specs.
COLLECT_GCC=/usr/bin/cc
COLLECT_LTO_WRAPPER=/usr/lib/gcc/x86_64-linux-gnu/4.8/lto-wrapper
Target: x86_64-linux-gnu
Configured with: ../src/configure -v --with-pkgversion='Ubuntu/Linaro 4.8.1-10ubuntu9' --with-bugurl=file:///usr/share/doc/gcc-4.8/README.Bugs --enable-languages=c,c++,java,go,d,fortran,objc,obj-c++ --prefix=/usr --program-suffix=-4.8 --enable-shared --enable-linker-build-id --libexecdir=/usr/lib --without-included-gettext --enable-threads=posix --with-gxx-include-dir=/usr/include/c++/4.8 --libdir=/usr/lib --enable-nls --with-sysroot=/ --enable-clocale=gnu --enable-libstdcxx-debug --enable-libstdcxx-time=yes --enable-gnu-unique-object --enable-plugin --with-system-zlib --disable-browser-plugin --enable-java-awt=gtk --enable-gtk-cairo --with-java-home=/usr/lib/jvm/java-1.5.0-gcj-4.8-amd64/jre --enable-java-home --with-jvm-root-dir=/usr/lib/jvm/java-1.5.0-gcj-4.8-amd64 --with-jvm-jar-dir=/usr/lib/jvm-exports/java-1.5.0-gcj-4.8-amd64 --with-arch-directory=amd64 --with-ecj-jar=/usr/share/java/eclipse-ecj.jar --enable-objc-gc --enable-multiarch --disable-werror --with-arch-32=i686 --with-abi=m64 --with-multilib-list=m32,m64,mx32 --with-tune=generic --enable-checking=release --build=x86_64-linux-gnu --host=x86_64-linux-gnu --target=x86_64-linux-gnu
Thread model: posix
gcc version 4.8.1 (Ubuntu/Linaro 4.8.1-10ubuntu9) 
COMPILER_PATH=/usr/lib/gcc/x86_64-linux-gnu/4.8/:/usr/lib/gcc/x86_64-linux-gnu/4.8/:/usr/lib/gcc/x86_64-linux-gnu/:/usr/lib/gcc/x86_64-linux-gnu/4.8/:/usr/lib/gcc/x86_64-linux-gnu/
LIBRARY_PATH=/usr/lib/gcc/x86_64-linux-gnu/4.8/:/usr/lib/gcc/x86_64-linux-gnu/4.8/../../../x86_64-linux-gnu/:/usr/lib/gcc/x86_64-linux-gnu/4.8/../../../../lib/:/lib/x86_64-linux-gnu/:/lib/../lib/:/usr/lib/x86_64-linux-gnu/:/usr/lib/../lib/:/usr/lib/gcc/x86_64-linux-gnu/4.8/../../../:/lib/:/usr/lib/
COLLECT_GCC_OPTIONS='-v' '-o' 'cmTryCompileExec4116498038' '-rdynamic' '-mtune=generic' '-march=x86-64'
 /usr/lib/gcc/x86_64-linux-gnu/4.8/collect2 --sysroot=/ --build-id --eh-frame-hdr -m elf_x86_64 --hash-style=gnu --as-needed -export-dynamic -dynamic-linker /lib64/ld-linux-x86-64.so.2 -z relro -o cmTryCompileExec4116498038 /usr/lib/gcc/x86_64-linux-gnu/4.8/../../../x86_64-linux-gnu/crt1.o /usr/lib/gcc/x86_64-linux-gnu/4.8/../../../x86_64-linux-gnu/crti.o /usr/lib/gcc/x86_64-linux-gnu/4.8/crtbegin.o -L/usr/lib/gcc/x86_64-linux-gnu/4.8 -L/usr/lib/gcc/x86_64-linux-gnu/4.8/../../../x86_64-linux-gnu -L/usr/lib/gcc/x86_64-linux-gnu/4.8/../../../../lib -L/lib/x86_64-linux-gnu -L/lib/../lib -L/usr/lib/x86_64-linux-gnu -L/usr/lib/../lib -L/usr/lib/gcc/x86_64-linux-gnu/4.8/../../.. CMakeFiles/cmTryCompileExec4116498038.dir/CMakeCCompilerABI.c.o -lgcc --as-needed -lgcc_s --no-as-needed -lc -lgcc --as-needed -lgcc_s --no-as-needed /usr/lib/gcc/x86_64-linux-gnu/4.8/crtend.o /usr/lib/gcc/x86_64-linux-gnu/4.8/../../../x86_64-linux-gnu/crtn.o
make[1]: uscita dalla directory "/home/carlo/Dropbox/workspace/KDiamond/kdiamond/CMakeFiles/CMakeTmp"


Parsed C implicit link information from above output:
  link line regex: [^( *|.*[/\])(ld|ld|collect2)[^/\]*( |$)]
  ignore line: [Change Dir: /home/carlo/Dropbox/workspace/KDiamond/kdiamond/CMakeFiles/CMakeTmp]
  ignore line: []
  ignore line: [Run Build Command:/usr/bin/make "cmTryCompileExec4116498038/fast"]
  ignore line: [/usr/bin/make -f CMakeFiles/cmTryCompileExec4116498038.dir/build.make CMakeFiles/cmTryCompileExec4116498038.dir/build]
  ignore line: [make[1]: ingresso nella directory "/home/carlo/Dropbox/workspace/KDiamond/kdiamond/CMakeFiles/CMakeTmp"]
  ignore line: [/usr/bin/cmake -E cmake_progress_report /home/carlo/Dropbox/workspace/KDiamond/kdiamond/CMakeFiles/CMakeTmp/CMakeFiles 1]
  ignore line: [Building C object CMakeFiles/cmTryCompileExec4116498038.dir/CMakeCCompilerABI.c.o]
  ignore line: [/usr/bin/cc    -o CMakeFiles/cmTryCompileExec4116498038.dir/CMakeCCompilerABI.c.o   -c /usr/share/cmake-2.8/Modules/CMakeCCompilerABI.c]
  ignore line: [Linking C executable cmTryCompileExec4116498038]
  ignore line: [/usr/bin/cmake -E cmake_link_script CMakeFiles/cmTryCompileExec4116498038.dir/link.txt --verbose=1]
  ignore line: [/usr/bin/cc       -v CMakeFiles/cmTryCompileExec4116498038.dir/CMakeCCompilerABI.c.o  -o cmTryCompileExec4116498038 -rdynamic  ]
  ignore line: [Using built-in specs.]
  ignore line: [COLLECT_GCC=/usr/bin/cc]
  ignore line: [COLLECT_LTO_WRAPPER=/usr/lib/gcc/x86_64-linux-gnu/4.8/lto-wrapper]
  ignore line: [Target: x86_64-linux-gnu]
  ignore line: [Configured with: ../src/configure -v --with-pkgversion='Ubuntu/Linaro 4.8.1-10ubuntu9' --with-bugurl=file:///usr/share/doc/gcc-4.8/README.Bugs --enable-languages=c,c++,java,go,d,fortran,objc,obj-c++ --prefix=/usr --program-suffix=-4.8 --enable-shared --enable-linker-build-id --libexecdir=/usr/lib --without-included-gettext --enable-threads=posix --with-gxx-include-dir=/usr/include/c++/4.8 --libdir=/usr/lib --enable-nls --with-sysroot=/ --enable-clocale=gnu --enable-libstdcxx-debug --enable-libstdcxx-time=yes --enable-gnu-unique-object --enable-plugin --with-system-zlib --disable-browser-plugin --enable-java-awt=gtk --enable-gtk-cairo --with-java-home=/usr/lib/jvm/java-1.5.0-gcj-4.8-amd64/jre --enable-java-home --with-jvm-root-dir=/usr/lib/jvm/java-1.5.0-gcj-4.8-amd64 --with-jvm-jar-dir=/usr/lib/jvm-exports/java-1.5.0-gcj-4.8-amd64 --with-arch-directory=amd64 --with-ecj-jar=/usr/share/java/eclipse-ecj.jar --enable-objc-gc --enable-multiarch --disable-werror --with-arch-32=i686 --with-abi=m64 --with-multilib-list=m32,m64,mx32 --with-tune=generic --enable-checking=release --build=x86_64-linux-gnu --host=x86_64-linux-gnu --target=x86_64-linux-gnu]
  ignore line: [Thread model: posix]
  ignore line: [gcc version 4.8.1 (Ubuntu/Linaro 4.8.1-10ubuntu9) ]
  ignore line: [COMPILER_PATH=/usr/lib/gcc/x86_64-linux-gnu/4.8/:/usr/lib/gcc/x86_64-linux-gnu/4.8/:/usr/lib/gcc/x86_64-linux-gnu/:/usr/lib/gcc/x86_64-linux-gnu/4.8/:/usr/lib/gcc/x86_64-linux-gnu/]
  ignore line: [LIBRARY_PATH=/usr/lib/gcc/x86_64-linux-gnu/4.8/:/usr/lib/gcc/x86_64-linux-gnu/4.8/../../../x86_64-linux-gnu/:/usr/lib/gcc/x86_64-linux-gnu/4.8/../../../../lib/:/lib/x86_64-linux-gnu/:/lib/../lib/:/usr/lib/x86_64-linux-gnu/:/usr/lib/../lib/:/usr/lib/gcc/x86_64-linux-gnu/4.8/../../../:/lib/:/usr/lib/]
  ignore line: [COLLECT_GCC_OPTIONS='-v' '-o' 'cmTryCompileExec4116498038' '-rdynamic' '-mtune=generic' '-march=x86-64']
  link line: [ /usr/lib/gcc/x86_64-linux-gnu/4.8/collect2 --sysroot=/ --build-id --eh-frame-hdr -m elf_x86_64 --hash-style=gnu --as-needed -export-dynamic -dynamic-linker /lib64/ld-linux-x86-64.so.2 -z relro -o cmTryCompileExec4116498038 /usr/lib/gcc/x86_64-linux-gnu/4.8/../../../x86_64-linux-gnu/crt1.o /usr/lib/gcc/x86_64-linux-gnu/4.8/../../../x86_64-linux-gnu/crti.o /usr/lib/gcc/x86_64-linux-gnu/4.8/crtbegin.o -L/usr/lib/gcc/x86_64-linux-gnu/4.8 -L/usr/lib/gcc/x86_64-linux-gnu/4.8/../../../x86_64-linux-gnu -L/usr/lib/gcc/x86_64-linux-gnu/4.8/../../../../lib -L/lib/x86_64-linux-gnu -L/lib/../lib -L/usr/lib/x86_64-linux-gnu -L/usr/lib/../lib -L/usr/lib/gcc/x86_64-linux-gnu/4.8/../../.. CMakeFiles/cmTryCompileExec4116498038.dir/CMakeCCompilerABI.c.o -lgcc --as-needed -lgcc_s --no-as-needed -lc -lgcc --as-needed -lgcc_s --no-as-needed /usr/lib/gcc/x86_64-linux-gnu/4.8/crtend.o /usr/lib/gcc/x86_64-linux-gnu/4.8/../../../x86_64-linux-gnu/crtn.o]
    arg [/usr/lib/gcc/x86_64-linux-gnu/4.8/collect2] ==> ignore
    arg [--sysroot=/] ==> ignore
    arg [--build-id] ==> ignore
    arg [--eh-frame-hdr] ==> ignore
    arg [-m] ==> ignore
    arg [elf_x86_64] ==> ignore
    arg [--hash-style=gnu] ==> ignore
    arg [--as-needed] ==> ignore
    arg [-export-dynamic] ==> ignore
    arg [-dynamic-linker] ==> ignore
    arg [/lib64/ld-linux-x86-64.so.2] ==> ignore
    arg [-zrelro] ==> ignore
    arg [-o] ==> ignore
    arg [cmTryCompileExec4116498038] ==> ignore
    arg [/usr/lib/gcc/x86_64-linux-gnu/4.8/../../../x86_64-linux-gnu/crt1.o] ==> ignore
    arg [/usr/lib/gcc/x86_64-linux-gnu/4.8/../../../x86_64-linux-gnu/crti.o] ==> ignore
    arg [/usr/lib/gcc/x86_64-linux-gnu/4.8/crtbegin.o] ==> ignore
    arg [-L/usr/lib/gcc/x86_64-linux-gnu/4.8] ==> dir [/usr/lib/gcc/x86_64-linux-gnu/4.8]
    arg [-L/usr/lib/gcc/x86_64-linux-gnu/4.8/../../../x86_64-linux-gnu] ==> dir [/usr/lib/gcc/x86_64-linux-gnu/4.8/../../../x86_64-linux-gnu]
    arg [-L/usr/lib/gcc/x86_64-linux-gnu/4.8/../../../../lib] ==> dir [/usr/lib/gcc/x86_64-linux-gnu/4.8/../../../../lib]
    arg [-L/lib/x86_64-linux-gnu] ==> dir [/lib/x86_64-linux-gnu]
    arg [-L/lib/../lib] ==> dir [/lib/../lib]
    arg [-L/usr/lib/x86_64-linux-gnu] ==> dir [/usr/lib/x86_64-linux-gnu]
    arg [-L/usr/lib/../lib] ==> dir [/usr/lib/../lib]
    arg [-L/usr/lib/gcc/x86_64-linux-gnu/4.8/../../..] ==> dir [/usr/lib/gcc/x86_64-linux-gnu/4.8/../../..]
    arg [CMakeFiles/cmTryCompileExec4116498038.dir/CMakeCCompilerABI.c.o] ==> ignore
    arg [-lgcc] ==> lib [gcc]
    arg [--as-needed] ==> ignore
    arg [-lgcc_s] ==> lib [gcc_s]
    arg [--no-as-needed] ==> ignore
    arg [-lc] ==> lib [c]
    arg [-lgcc] ==> lib [gcc]
    arg [--as-needed] ==> ignore
    arg [-lgcc_s] ==> lib [gcc_s]
    arg [--no-as-needed] ==> ignore
    arg [/usr/lib/gcc/x86_64-linux-gnu/4.8/crtend.o] ==> ignore
    arg [/usr/lib/gcc/x86_64-linux-gnu/4.8/../../../x86_64-linux-gnu/crtn.o] ==> ignore
  remove lib [gcc]
  remove lib [gcc_s]
  remove lib [gcc]
  remove lib [gcc_s]
  collapse library dir [/usr/lib/gcc/x86_64-linux-gnu/4.8] ==> [/usr/lib/gcc/x86_64-linux-gnu/4.8]
  collapse library dir [/usr/lib/gcc/x86_64-linux-gnu/4.8/../../../x86_64-linux-gnu] ==> [/usr/lib/x86_64-linux-gnu]
  collapse library dir [/usr/lib/gcc/x86_64-linux-gnu/4.8/../../../../lib] ==> [/usr/lib]
  collapse library dir [/lib/x86_64-linux-gnu] ==> [/lib/x86_64-linux-gnu]
  collapse library dir [/lib/../lib] ==> [/lib]
  collapse library dir [/usr/lib/x86_64-linux-gnu] ==> [/usr/lib/x86_64-linux-gnu]
  collapse library dir [/usr/lib/../lib] ==> [/usr/lib]
  collapse library dir [/usr/lib/gcc/x86_64-linux-gnu/4.8/../../..] ==> [/usr/lib]
  implicit libs: [c]
  implicit dirs: [/usr/lib/gcc/x86_64-linux-gnu/4.8;/usr/lib/x86_64-linux-gnu;/usr/lib;/lib/x86_64-linux-gnu;/lib]
  implicit fwks: []


Determining if the CXX compiler works passed with the following output:
Change Dir: /home/carlo/Dropbox/workspace/KDiamond/kdiamond/CMakeFiles/CMakeTmp

Run Build Command:/usr/bin/make "cmTryCompileExec1282476699/fast"
/usr/bin/make -f CMakeFiles/cmTryCompileExec1282476699.dir/build.make CMakeFiles/cmTryCompileExec1282476699.dir/build
make[1]: ingresso nella directory "/home/carlo/Dropbox/workspace/KDiamond/kdiamond/CMakeFiles/CMakeTmp"
/usr/bin/cmake -E cmake_progress_report /home/carlo/Dropbox/workspace/KDiamond/kdiamond/CMakeFiles/CMakeTmp/CMakeFiles 1
Building CXX object CMakeFiles/cmTryCompileExec1282476699.dir/testCXXCompiler.cxx.o
/usr/bin/c++     -o CMakeFiles/cmTryCompileExec1282476699.dir/testCXXCompiler.cxx.o -c /home/carlo/Dropbox/workspace/KDiamond/kdiamond/CMakeFiles/CMakeTmp/testCXXCompiler.cxx
Linking CXX executable cmTryCompileExec1282476699
/usr/bin/cmake -E cmake_link_script CMakeFiles/cmTryCompileExec1282476699.dir/link.txt --verbose=1
/usr/bin/c++          CMakeFiles/cmTryCompileExec1282476699.dir/testCXXCompiler.cxx.o  -o cmTryCompileExec1282476699 -rdynamic 
make[1]: uscita dalla directory "/home/carlo/Dropbox/workspace/KDiamond/kdiamond/CMakeFiles/CMakeTmp"


Detecting CXX compiler ABI info compiled with the following output:
Change Dir: /home/carlo/Dropbox/workspace/KDiamond/kdiamond/CMakeFiles/CMakeTmp

Run Build Command:/usr/bin/make "cmTryCompileExec4034335980/fast"
/usr/bin/make -f CMakeFiles/cmTryCompileExec4034335980.dir/build.make CMakeFiles/cmTryCompileExec4034335980.dir/build
make[1]: ingresso nella directory "/home/carlo/Dropbox/workspace/KDiamond/kdiamond/CMakeFiles/CMakeTmp"
/usr/bin/cmake -E cmake_progress_report /home/carlo/Dropbox/workspace/KDiamond/kdiamond/CMakeFiles/CMakeTmp/CMakeFiles 1
Building CXX object CMakeFiles/cmTryCompileExec4034335980.dir/CMakeCXXCompilerABI.cpp.o
/usr/bin/c++     -o CMakeFiles/cmTryCompileExec4034335980.dir/CMakeCXXCompilerABI.cpp.o -c /usr/share/cmake-2.8/Modules/CMakeCXXCompilerABI.cpp
Linking CXX executable cmTryCompileExec4034335980
/usr/bin/cmake -E cmake_link_script CMakeFiles/cmTryCompileExec4034335980.dir/link.txt --verbose=1
/usr/bin/c++        -v CMakeFiles/cmTryCompileExec4034335980.dir/CMakeCXXCompilerABI.cpp.o  -o cmTryCompileExec4034335980 -rdynamic  
Using built-in specs.
COLLECT_GCC=/usr/bin/c++
COLLECT_LTO_WRAPPER=/usr/lib/gcc/x86_64-linux-gnu/4.8/lto-wrapper
Target: x86_64-linux-gnu
Configured with: ../src/configure -v --with-pkgversion='Ubuntu/Linaro 4.8.1-10ubuntu9' --with-bugurl=file:///usr/share/doc/gcc-4.8/README.Bugs --enable-languages=c,c++,java,go,d,fortran,objc,obj-c++ --prefix=/usr --program-suffix=-4.8 --enable-shared --enable-linker-build-id --libexecdir=/usr/lib --without-included-gettext --enable-threads=posix --with-gxx-include-dir=/usr/include/c++/4.8 --libdir=/usr/lib --enable-nls --with-sysroot=/ --enable-clocale=gnu --enable-libstdcxx-debug --enable-libstdcxx-time=yes --enable-gnu-unique-object --enable-plugin --with-system-zlib --disable-browser-plugin --enable-java-awt=gtk --enable-gtk-cairo --with-java-home=/usr/lib/jvm/java-1.5.0-gcj-4.8-amd64/jre --enable-java-home --with-jvm-root-dir=/usr/lib/jvm/java-1.5.0-gcj-4.8-amd64 --with-jvm-jar-dir=/usr/lib/jvm-exports/java-1.5.0-gcj-4.8-amd64 --with-arch-directory=amd64 --with-ecj-jar=/usr/share/java/eclipse-ecj.jar --enable-objc-gc --enable-multiarch --disable-werror --with-arch-32=i686 --with-abi=m64 --with-multilib-list=m32,m64,mx32 --with-tune=generic --enable-checking=release --build=x86_64-linux-gnu --host=x86_64-linux-gnu --target=x86_64-linux-gnu
Thread model: posix
gcc version 4.8.1 (Ubuntu/Linaro 4.8.1-10ubuntu9) 
COMPILER_PATH=/usr/lib/gcc/x86_64-linux-gnu/4.8/:/usr/lib/gcc/x86_64-linux-gnu/4.8/:/usr/lib/gcc/x86_64-linux-gnu/:/usr/lib/gcc/x86_64-linux-gnu/4.8/:/usr/lib/gcc/x86_64-linux-gnu/
LIBRARY_PATH=/usr/lib/gcc/x86_64-linux-gnu/4.8/:/usr/lib/gcc/x86_64-linux-gnu/4.8/../../../x86_64-linux-gnu/:/usr/lib/gcc/x86_64-linux-gnu/4.8/../../../../lib/:/lib/x86_64-linux-gnu/:/lib/../lib/:/usr/lib/x86_64-linux-gnu/:/usr/lib/../lib/:/usr/lib/gcc/x86_64-linux-gnu/4.8/../../../:/lib/:/usr/lib/
COLLECT_GCC_OPTIONS='-v' '-o' 'cmTryCompileExec4034335980' '-rdynamic' '-shared-libgcc' '-mtune=generic' '-march=x86-64'
 /usr/lib/gcc/x86_64-linux-gnu/4.8/collect2 --sysroot=/ --build-id --eh-frame-hdr -m elf_x86_64 --hash-style=gnu --as-needed -export-dynamic -dynamic-linker /lib64/ld-linux-x86-64.so.2 -z relro -o cmTryCompileExec4034335980 /usr/lib/gcc/x86_64-linux-gnu/4.8/../../../x86_64-linux-gnu/crt1.o /usr/lib/gcc/x86_64-linux-gnu/4.8/../../../x86_64-linux-gnu/crti.o /usr/lib/gcc/x86_64-linux-gnu/4.8/crtbegin.o -L/usr/lib/gcc/x86_64-linux-gnu/4.8 -L/usr/lib/gcc/x86_64-linux-gnu/4.8/../../../x86_64-linux-gnu -L/usr/lib/gcc/x86_64-linux-gnu/4.8/../../../../lib -L/lib/x86_64-linux-gnu -L/lib/../lib -L/usr/lib/x86_64-linux-gnu -L/usr/lib/../lib -L/usr/lib/gcc/x86_64-linux-gnu/4.8/../../.. CMakeFiles/cmTryCompileExec4034335980.dir/CMakeCXXCompilerABI.cpp.o -lstdc++ -lm -lgcc_s -lgcc -lc -lgcc_s -lgcc /usr/lib/gcc/x86_64-linux-gnu/4.8/crtend.o /usr/lib/gcc/x86_64-linux-gnu/4.8/../../../x86_64-linux-gnu/crtn.o
make[1]: uscita dalla directory "/home/carlo/Dropbox/workspace/KDiamond/kdiamond/CMakeFiles/CMakeTmp"


Parsed CXX implicit link information from above output:
  link line regex: [^( *|.*[/\])(ld|ld|collect2)[^/\]*( |$)]
  ignore line: [Change Dir: /home/carlo/Dropbox/workspace/KDiamond/kdiamond/CMakeFiles/CMakeTmp]
  ignore line: []
  ignore line: [Run Build Command:/usr/bin/make "cmTryCompileExec4034335980/fast"]
  ignore line: [/usr/bin/make -f CMakeFiles/cmTryCompileExec4034335980.dir/build.make CMakeFiles/cmTryCompileExec4034335980.dir/build]
  ignore line: [make[1]: ingresso nella directory "/home/carlo/Dropbox/workspace/KDiamond/kdiamond/CMakeFiles/CMakeTmp"]
  ignore line: [/usr/bin/cmake -E cmake_progress_report /home/carlo/Dropbox/workspace/KDiamond/kdiamond/CMakeFiles/CMakeTmp/CMakeFiles 1]
  ignore line: [Building CXX object CMakeFiles/cmTryCompileExec4034335980.dir/CMakeCXXCompilerABI.cpp.o]
  ignore line: [/usr/bin/c++     -o CMakeFiles/cmTryCompileExec4034335980.dir/CMakeCXXCompilerABI.cpp.o -c /usr/share/cmake-2.8/Modules/CMakeCXXCompilerABI.cpp]
  ignore line: [Linking CXX executable cmTryCompileExec4034335980]
  ignore line: [/usr/bin/cmake -E cmake_link_script CMakeFiles/cmTryCompileExec4034335980.dir/link.txt --verbose=1]
  ignore line: [/usr/bin/c++        -v CMakeFiles/cmTryCompileExec4034335980.dir/CMakeCXXCompilerABI.cpp.o  -o cmTryCompileExec4034335980 -rdynamic  ]
  ignore line: [Using built-in specs.]
  ignore line: [COLLECT_GCC=/usr/bin/c++]
  ignore line: [COLLECT_LTO_WRAPPER=/usr/lib/gcc/x86_64-linux-gnu/4.8/lto-wrapper]
  ignore line: [Target: x86_64-linux-gnu]
  ignore line: [Configured with: ../src/configure -v --with-pkgversion='Ubuntu/Linaro 4.8.1-10ubuntu9' --with-bugurl=file:///usr/share/doc/gcc-4.8/README.Bugs --enable-languages=c,c++,java,go,d,fortran,objc,obj-c++ --prefix=/usr --program-suffix=-4.8 --enable-shared --enable-linker-build-id --libexecdir=/usr/lib --without-included-gettext --enable-threads=posix --with-gxx-include-dir=/usr/include/c++/4.8 --libdir=/usr/lib --enable-nls --with-sysroot=/ --enable-clocale=gnu --enable-libstdcxx-debug --enable-libstdcxx-time=yes --enable-gnu-unique-object --enable-plugin --with-system-zlib --disable-browser-plugin --enable-java-awt=gtk --enable-gtk-cairo --with-java-home=/usr/lib/jvm/java-1.5.0-gcj-4.8-amd64/jre --enable-java-home --with-jvm-root-dir=/usr/lib/jvm/java-1.5.0-gcj-4.8-amd64 --with-jvm-jar-dir=/usr/lib/jvm-exports/java-1.5.0-gcj-4.8-amd64 --with-arch-directory=amd64 --with-ecj-jar=/usr/share/java/eclipse-ecj.jar --enable-objc-gc --enable-multiarch --disable-werror --with-arch-32=i686 --with-abi=m64 --with-multilib-list=m32,m64,mx32 --with-tune=generic --enable-checking=release --build=x86_64-linux-gnu --host=x86_64-linux-gnu --target=x86_64-linux-gnu]
  ignore line: [Thread model: posix]
  ignore line: [gcc version 4.8.1 (Ubuntu/Linaro 4.8.1-10ubuntu9) ]
  ignore line: [COMPILER_PATH=/usr/lib/gcc/x86_64-linux-gnu/4.8/:/usr/lib/gcc/x86_64-linux-gnu/4.8/:/usr/lib/gcc/x86_64-linux-gnu/:/usr/lib/gcc/x86_64-linux-gnu/4.8/:/usr/lib/gcc/x86_64-linux-gnu/]
  ignore line: [LIBRARY_PATH=/usr/lib/gcc/x86_64-linux-gnu/4.8/:/usr/lib/gcc/x86_64-linux-gnu/4.8/../../../x86_64-linux-gnu/:/usr/lib/gcc/x86_64-linux-gnu/4.8/../../../../lib/:/lib/x86_64-linux-gnu/:/lib/../lib/:/usr/lib/x86_64-linux-gnu/:/usr/lib/../lib/:/usr/lib/gcc/x86_64-linux-gnu/4.8/../../../:/lib/:/usr/lib/]
  ignore line: [COLLECT_GCC_OPTIONS='-v' '-o' 'cmTryCompileExec4034335980' '-rdynamic' '-shared-libgcc' '-mtune=generic' '-march=x86-64']
  link line: [ /usr/lib/gcc/x86_64-linux-gnu/4.8/collect2 --sysroot=/ --build-id --eh-frame-hdr -m elf_x86_64 --hash-style=gnu --as-needed -export-dynamic -dynamic-linker /lib64/ld-linux-x86-64.so.2 -z relro -o cmTryCompileExec4034335980 /usr/lib/gcc/x86_64-linux-gnu/4.8/../../../x86_64-linux-gnu/crt1.o /usr/lib/gcc/x86_64-linux-gnu/4.8/../../../x86_64-linux-gnu/crti.o /usr/lib/gcc/x86_64-linux-gnu/4.8/crtbegin.o -L/usr/lib/gcc/x86_64-linux-gnu/4.8 -L/usr/lib/gcc/x86_64-linux-gnu/4.8/../../../x86_64-linux-gnu -L/usr/lib/gcc/x86_64-linux-gnu/4.8/../../../../lib -L/lib/x86_64-linux-gnu -L/lib/../lib -L/usr/lib/x86_64-linux-gnu -L/usr/lib/../lib -L/usr/lib/gcc/x86_64-linux-gnu/4.8/../../.. CMakeFiles/cmTryCompileExec4034335980.dir/CMakeCXXCompilerABI.cpp.o -lstdc++ -lm -lgcc_s -lgcc -lc -lgcc_s -lgcc /usr/lib/gcc/x86_64-linux-gnu/4.8/crtend.o /usr/lib/gcc/x86_64-linux-gnu/4.8/../../../x86_64-linux-gnu/crtn.o]
    arg [/usr/lib/gcc/x86_64-linux-gnu/4.8/collect2] ==> ignore
    arg [--sysroot=/] ==> ignore
    arg [--build-id] ==> ignore
    arg [--eh-frame-hdr] ==> ignore
    arg [-m] ==> ignore
    arg [elf_x86_64] ==> ignore
    arg [--hash-style=gnu] ==> ignore
    arg [--as-needed] ==> ignore
    arg [-export-dynamic] ==> ignore
    arg [-dynamic-linker] ==> ignore
    arg [/lib64/ld-linux-x86-64.so.2] ==> ignore
    arg [-zrelro] ==> ignore
    arg [-o] ==> ignore
    arg [cmTryCompileExec4034335980] ==> ignore
    arg [/usr/lib/gcc/x86_64-linux-gnu/4.8/../../../x86_64-linux-gnu/crt1.o] ==> ignore
    arg [/usr/lib/gcc/x86_64-linux-gnu/4.8/../../../x86_64-linux-gnu/crti.o] ==> ignore
    arg [/usr/lib/gcc/x86_64-linux-gnu/4.8/crtbegin.o] ==> ignore
    arg [-L/usr/lib/gcc/x86_64-linux-gnu/4.8] ==> dir [/usr/lib/gcc/x86_64-linux-gnu/4.8]
    arg [-L/usr/lib/gcc/x86_64-linux-gnu/4.8/../../../x86_64-linux-gnu] ==> dir [/usr/lib/gcc/x86_64-linux-gnu/4.8/../../../x86_64-linux-gnu]
    arg [-L/usr/lib/gcc/x86_64-linux-gnu/4.8/../../../../lib] ==> dir [/usr/lib/gcc/x86_64-linux-gnu/4.8/../../../../lib]
    arg [-L/lib/x86_64-linux-gnu] ==> dir [/lib/x86_64-linux-gnu]
    arg [-L/lib/../lib] ==> dir [/lib/../lib]
    arg [-L/usr/lib/x86_64-linux-gnu] ==> dir [/usr/lib/x86_64-linux-gnu]
    arg [-L/usr/lib/../lib] ==> dir [/usr/lib/../lib]
    arg [-L/usr/lib/gcc/x86_64-linux-gnu/4.8/../../..] ==> dir [/usr/lib/gcc/x86_64-linux-gnu/4.8/../../..]
    arg [CMakeFiles/cmTryCompileExec4034335980.dir/CMakeCXXCompilerABI.cpp.o] ==> ignore
    arg [-lstdc++] ==> lib [stdc++]
    arg [-lm] ==> lib [m]
    arg [-lgcc_s] ==> lib [gcc_s]
    arg [-lgcc] ==> lib [gcc]
    arg [-lc] ==> lib [c]
    arg [-lgcc_s] ==> lib [gcc_s]
    arg [-lgcc] ==> lib [gcc]
    arg [/usr/lib/gcc/x86_64-linux-gnu/4.8/crtend.o] ==> ignore
    arg [/usr/lib/gcc/x86_64-linux-gnu/4.8/../../../x86_64-linux-gnu/crtn.o] ==> ignore
  remove lib [gcc_s]
  remove lib [gcc]
  remove lib [gcc_s]
  remove lib [gcc]
  collapse library dir [/usr/lib/gcc/x86_64-linux-gnu/4.8] ==> [/usr/lib/gcc/x86_64-linux-gnu/4.8]
  collapse library dir [/usr/lib/gcc/x86_64-linux-gnu/4.8/../../../x86_64-linux-gnu] ==> [/usr/lib/x86_64-linux-gnu]
  collapse library dir [/usr/lib/gcc/x86_64-linux-gnu/4.8/../../../../lib] ==> [/usr/lib]
  collapse library dir [/lib/x86_64-linux-gnu] ==> [/lib/x86_64-linux-gnu]
  collapse library dir [/lib/../lib] ==> [/lib]
  collapse library dir [/usr/lib/x86_64-linux-gnu] ==> [/usr/lib/x86_64-linux-gnu]
  collapse library dir [/usr/lib/../lib] ==> [/usr/lib]
  collapse library dir [/usr/lib/gcc/x86_64-linux-gnu/4.8/../../..] ==> [/usr/lib]
  implicit libs: [stdc++;m;c]
  implicit dirs: [/usr/lib/gcc/x86_64-linux-gnu/4.8;/usr/lib/x86_64-linux-gnu;/usr/lib;/lib/x86_64-linux-gnu;/lib]
  implicit fwks: []


Determining if the Q_WS_X11 exist passed with the following output:
Change Dir: /home/carlo/Dropbox/workspace/KDiamond/kdiamond/CMakeFiles/CMakeTmp

Run Build Command:/usr/bin/make "cmTryCompileExec3267080621/fast"
/usr/bin/make -f CMakeFiles/cmTryCompileExec3267080621.dir/build.make CMakeFiles/cmTryCompileExec3267080621.dir/build
make[1]: ingresso nella directory "/home/carlo/Dropbox/workspace/KDiamond/kdiamond/CMakeFiles/CMakeTmp"
/usr/bin/cmake -E cmake_progress_report /home/carlo/Dropbox/workspace/KDiamond/kdiamond/CMakeFiles/CMakeTmp/CMakeFiles 1
Building C object CMakeFiles/cmTryCompileExec3267080621.dir/CheckSymbolExists.c.o
/usr/bin/cc   -I/usr/include/qt4    -o CMakeFiles/cmTryCompileExec3267080621.dir/CheckSymbolExists.c.o   -c /home/carlo/Dropbox/workspace/KDiamond/kdiamond/CMakeFiles/CMakeTmp/CheckSymbolExists.c
Linking C executable cmTryCompileExec3267080621
/usr/bin/cmake -E cmake_link_script CMakeFiles/cmTryCompileExec3267080621.dir/link.txt --verbose=1
/usr/bin/cc         CMakeFiles/cmTryCompileExec3267080621.dir/CheckSymbolExists.c.o  -o cmTryCompileExec3267080621 -rdynamic 
make[1]: uscita dalla directory "/home/carlo/Dropbox/workspace/KDiamond/kdiamond/CMakeFiles/CMakeTmp"

File /home/carlo/Dropbox/workspace/KDiamond/kdiamond/CMakeFiles/CMakeTmp/CheckSymbolExists.c:
/* */
#include <QtCore/qglobal.h>

int main(int argc, char** argv)
{
  (void)argv;
#ifndef Q_WS_X11
  return ((int*)(&Q_WS_X11))[argc];
#else
  (void)argc;
  return 0;
#endif
}

Determining if files pthread.h exist passed with the following output:
Change Dir: /home/carlo/Dropbox/workspace/KDiamond/kdiamond/CMakeFiles/CMakeTmp

Run Build Command:/usr/bin/make "cmTryCompileExec2436422265/fast"
/usr/bin/make -f CMakeFiles/cmTryCompileExec2436422265.dir/build.make CMakeFiles/cmTryCompileExec2436422265.dir/build
make[1]: ingresso nella directory "/home/carlo/Dropbox/workspace/KDiamond/kdiamond/CMakeFiles/CMakeTmp"
/usr/bin/cmake -E cmake_progress_report /home/carlo/Dropbox/workspace/KDiamond/kdiamond/CMakeFiles/CMakeTmp/CMakeFiles 1
Building C object CMakeFiles/cmTryCompileExec2436422265.dir/CheckIncludeFiles.c.o
/usr/bin/cc    -o CMakeFiles/cmTryCompileExec2436422265.dir/CheckIncludeFiles.c.o   -c /home/carlo/Dropbox/workspace/KDiamond/kdiamond/CMakeFiles/CMakeTmp/CheckIncludeFiles.c
Linking C executable cmTryCompileExec2436422265
/usr/bin/cmake -E cmake_link_script CMakeFiles/cmTryCompileExec2436422265.dir/link.txt --verbose=1
/usr/bin/cc         CMakeFiles/cmTryCompileExec2436422265.dir/CheckIncludeFiles.c.o  -o cmTryCompileExec2436422265 -rdynamic 
make[1]: uscita dalla directory "/home/carlo/Dropbox/workspace/KDiamond/kdiamond/CMakeFiles/CMakeTmp"


Determining if the function pthread_create exists in the pthread passed with the following output:
Change Dir: /home/carlo/Dropbox/workspace/KDiamond/kdiamond/CMakeFiles/CMakeTmp

Run Build Command:/usr/bin/make "cmTryCompileExec2374569474/fast"
/usr/bin/make -f CMakeFiles/cmTryCompileExec2374569474.dir/build.make CMakeFiles/cmTryCompileExec2374569474.dir/build
make[1]: ingresso nella directory "/home/carlo/Dropbox/workspace/KDiamond/kdiamond/CMakeFiles/CMakeTmp"
/usr/bin/cmake -E cmake_progress_report /home/carlo/Dropbox/workspace/KDiamond/kdiamond/CMakeFiles/CMakeTmp/CMakeFiles 1
Building C object CMakeFiles/cmTryCompileExec2374569474.dir/CheckFunctionExists.c.o
/usr/bin/cc   -DCHECK_FUNCTION_EXISTS=pthread_create   -o CMakeFiles/cmTryCompileExec2374569474.dir/CheckFunctionExists.c.o   -c /usr/share/cmake-2.8/Modules/CheckFunctionExists.c
Linking C executable cmTryCompileExec2374569474
/usr/bin/cmake -E cmake_link_script CMakeFiles/cmTryCompileExec2374569474.dir/link.txt --verbose=1
/usr/bin/cc     -DCHECK_FUNCTION_EXISTS=pthread_create    CMakeFiles/cmTryCompileExec2374569474.dir/CheckFunctionExists.c.o  -o cmTryCompileExec2374569474 -rdynamic -lpthread 
make[1]: uscita dalla directory "/home/carlo/Dropbox/workspace/KDiamond/kdiamond/CMakeFiles/CMakeTmp"


Determining if the _POSIX_TIMERS exist passed with the following output:
Change Dir: /home/carlo/Dropbox/workspace/KDiamond/kdiamond/CMakeFiles/CMakeTmp

Run Build Command:/usr/bin/make "cmTryCompileExec1903620607/fast"
/usr/bin/make -f CMakeFiles/cmTryCompileExec1903620607.dir/build.make CMakeFiles/cmTryCompileExec1903620607.dir/build
make[1]: ingresso nella directory "/home/carlo/Dropbox/workspace/KDiamond/kdiamond/CMakeFiles/CMakeTmp"
/usr/bin/cmake -E cmake_progress_report /home/carlo/Dropbox/workspace/KDiamond/kdiamond/CMakeFiles/CMakeTmp/CMakeFiles 1
Building C object CMakeFiles/cmTryCompileExec1903620607.dir/CheckSymbolExists.c.o
/usr/bin/cc    -o CMakeFiles/cmTryCompileExec1903620607.dir/CheckSymbolExists.c.o   -c /home/carlo/Dropbox/workspace/KDiamond/kdiamond/CMakeFiles/CMakeTmp/CheckSymbolExists.c
Linking C executable cmTryCompileExec1903620607
/usr/bin/cmake -E cmake_link_script CMakeFiles/cmTryCompileExec1903620607.dir/link.txt --verbose=1
/usr/bin/cc         CMakeFiles/cmTryCompileExec1903620607.dir/CheckSymbolExists.c.o  -o cmTryCompileExec1903620607 -rdynamic -lrt 
make[1]: uscita dalla directory "/home/carlo/Dropbox/workspace/KDiamond/kdiamond/CMakeFiles/CMakeTmp"

File /home/carlo/Dropbox/workspace/KDiamond/kdiamond/CMakeFiles/CMakeTmp/CheckSymbolExists.c:
/* */
#include <unistd.h>
#include <time.h>

int main(int argc, char** argv)
{
  (void)argv;
#ifndef _POSIX_TIMERS
  return ((int*)(&_POSIX_TIMERS))[argc];
#else
  (void)argc;
  return 0;
#endif
}

Performing C++ SOURCE FILE Test _OFFT_IS_64BIT succeded with the following output:
Change Dir: /home/carlo/Dropbox/workspace/KDiamond/kdiamond/CMakeFiles/CMakeTmp

Run Build Command:/usr/bin/make "cmTryCompileExec1619571970/fast"
/usr/bin/make -f CMakeFiles/cmTryCompileExec1619571970.dir/build.make CMakeFiles/cmTryCompileExec1619571970.dir/build
make[1]: ingresso nella directory "/home/carlo/Dropbox/workspace/KDiamond/kdiamond/CMakeFiles/CMakeTmp"
/usr/bin/cmake -E cmake_progress_report /home/carlo/Dropbox/workspace/KDiamond/kdiamond/CMakeFiles/CMakeTmp/CMakeFiles 1
Building CXX object CMakeFiles/cmTryCompileExec1619571970.dir/src.cxx.o
/usr/bin/c++    -D_OFFT_IS_64BIT   -o CMakeFiles/cmTryCompileExec1619571970.dir/src.cxx.o -c /home/carlo/Dropbox/workspace/KDiamond/kdiamond/CMakeFiles/CMakeTmp/src.cxx
Linking CXX executable cmTryCompileExec1619571970
/usr/bin/cmake -E cmake_link_script CMakeFiles/cmTryCompileExec1619571970.dir/link.txt --verbose=1
/usr/bin/c++      -D_OFFT_IS_64BIT    CMakeFiles/cmTryCompileExec1619571970.dir/src.cxx.o  -o cmTryCompileExec1619571970 -rdynamic 
make[1]: uscita dalla directory "/home/carlo/Dropbox/workspace/KDiamond/kdiamond/CMakeFiles/CMakeTmp"

Source file was:

#include <sys/types.h>
 /* Check that off_t can represent 2**63 - 1 correctly.
    We can't simply define LARGE_OFF_T to be 9223372036854775807,
    since some C++ compilers masquerading as C compilers
    incorrectly reject 9223372036854775807.  */
#define LARGE_OFF_T (((off_t) 1 << 62) - 1 + ((off_t) 1 << 62))

  int off_t_is_large[(LARGE_OFF_T % 2147483629 == 721 && LARGE_OFF_T % 2147483647 == 1) ? 1 : -1];
  int main() { return 0; }

Performing C++ SOURCE FILE Test HAVE_FPIE_SUPPORT succeded with the following output:
Change Dir: /home/carlo/Dropbox/workspace/KDiamond/kdiamond/CMakeFiles/CMakeTmp

Run Build Command:/usr/bin/make "cmTryCompileExec460550410/fast"
/usr/bin/make -f CMakeFiles/cmTryCompileExec460550410.dir/build.make CMakeFiles/cmTryCompileExec460550410.dir/build
make[1]: ingresso nella directory "/home/carlo/Dropbox/workspace/KDiamond/kdiamond/CMakeFiles/CMakeTmp"
/usr/bin/cmake -E cmake_progress_report /home/carlo/Dropbox/workspace/KDiamond/kdiamond/CMakeFiles/CMakeTmp/CMakeFiles 1
Building CXX object CMakeFiles/cmTryCompileExec460550410.dir/src.cxx.o
/usr/bin/c++    -Wnon-virtual-dtor -Wno-long-long -Wundef -Wcast-align -Wchar-subscripts -Wall -W -Wpointer-arith -Wformat-security -fno-exceptions -DQT_NO_EXCEPTIONS -fno-check-new -fno-common  -DHAVE_FPIE_SUPPORT   -fPIE -o CMakeFiles/cmTryCompileExec460550410.dir/src.cxx.o -c /home/carlo/Dropbox/workspace/KDiamond/kdiamond/CMakeFiles/CMakeTmp/src.cxx
Linking CXX executable cmTryCompileExec460550410
/usr/bin/cmake -E cmake_link_script CMakeFiles/cmTryCompileExec460550410.dir/link.txt --verbose=1
/usr/bin/c++     -Wnon-virtual-dtor -Wno-long-long -Wundef -Wcast-align -Wchar-subscripts -Wall -W -Wpointer-arith -Wformat-security -fno-exceptions -DQT_NO_EXCEPTIONS -fno-check-new -fno-common  -DHAVE_FPIE_SUPPORT    CMakeFiles/cmTryCompileExec460550410.dir/src.cxx.o  -o cmTryCompileExec460550410 -rdynamic 
make[1]: uscita dalla directory "/home/carlo/Dropbox/workspace/KDiamond/kdiamond/CMakeFiles/CMakeTmp"

Source file was:
int main() { return 0;}
Performing C++ SOURCE FILE Test __KDE_HAVE_W_OVERLOADED_VIRTUAL succeded with the following output:
Change Dir: /home/carlo/Dropbox/workspace/KDiamond/kdiamond/CMakeFiles/CMakeTmp

Run Build Command:/usr/bin/make "cmTryCompileExec1532610342/fast"
/usr/bin/make -f CMakeFiles/cmTryCompileExec1532610342.dir/build.make CMakeFiles/cmTryCompileExec1532610342.dir/build
make[1]: ingresso nella directory "/home/carlo/Dropbox/workspace/KDiamond/kdiamond/CMakeFiles/CMakeTmp"
/usr/bin/cmake -E cmake_progress_report /home/carlo/Dropbox/workspace/KDiamond/kdiamond/CMakeFiles/CMakeTmp/CMakeFiles 1
Building CXX object CMakeFiles/cmTryCompileExec1532610342.dir/src.cxx.o
/usr/bin/c++    -Wnon-virtual-dtor -Wno-long-long -Wundef -Wcast-align -Wchar-subscripts -Wall -W -Wpointer-arith -Wformat-security -fno-exceptions -DQT_NO_EXCEPTIONS -fno-check-new -fno-common  -D__KDE_HAVE_W_OVERLOADED_VIRTUAL   -Woverloaded-virtual -o CMakeFiles/cmTryCompileExec1532610342.dir/src.cxx.o -c /home/carlo/Dropbox/workspace/KDiamond/kdiamond/CMakeFiles/CMakeTmp/src.cxx
Linking CXX executable cmTryCompileExec1532610342
/usr/bin/cmake -E cmake_link_script CMakeFiles/cmTryCompileExec1532610342.dir/link.txt --verbose=1
/usr/bin/c++     -Wnon-virtual-dtor -Wno-long-long -Wundef -Wcast-align -Wchar-subscripts -Wall -W -Wpointer-arith -Wformat-security -fno-exceptions -DQT_NO_EXCEPTIONS -fno-check-new -fno-common  -D__KDE_HAVE_W_OVERLOADED_VIRTUAL    CMakeFiles/cmTryCompileExec1532610342.dir/src.cxx.o  -o cmTryCompileExec1532610342 -rdynamic 
make[1]: uscita dalla directory "/home/carlo/Dropbox/workspace/KDiamond/kdiamond/CMakeFiles/CMakeTmp"

Source file was:
int main() { return 0;}
Performing C++ SOURCE FILE Test __KDE_HAVE_GCC_VISIBILITY succeded with the following output:
Change Dir: /home/carlo/Dropbox/workspace/KDiamond/kdiamond/CMakeFiles/CMakeTmp

Run Build Command:/usr/bin/make "cmTryCompileExec2613788485/fast"
/usr/bin/make -f CMakeFiles/cmTryCompileExec2613788485.dir/build.make CMakeFiles/cmTryCompileExec2613788485.dir/build
make[1]: ingresso nella directory "/home/carlo/Dropbox/workspace/KDiamond/kdiamond/CMakeFiles/CMakeTmp"
/usr/bin/cmake -E cmake_progress_report /home/carlo/Dropbox/workspace/KDiamond/kdiamond/CMakeFiles/CMakeTmp/CMakeFiles 1
Building CXX object CMakeFiles/cmTryCompileExec2613788485.dir/src.cxx.o
/usr/bin/c++    -Wnon-virtual-dtor -Wno-long-long -Wundef -Wcast-align -Wchar-subscripts -Wall -W -Wpointer-arith -Wformat-security -fno-exceptions -DQT_NO_EXCEPTIONS -fno-check-new -fno-common -Woverloaded-virtual  -D__KDE_HAVE_GCC_VISIBILITY   -fvisibility=hidden -o CMakeFiles/cmTryCompileExec2613788485.dir/src.cxx.o -c /home/carlo/Dropbox/workspace/KDiamond/kdiamond/CMakeFiles/CMakeTmp/src.cxx
Linking CXX executable cmTryCompileExec2613788485
/usr/bin/cmake -E cmake_link_script CMakeFiles/cmTryCompileExec2613788485.dir/link.txt --verbose=1
/usr/bin/c++     -Wnon-virtual-dtor -Wno-long-long -Wundef -Wcast-align -Wchar-subscripts -Wall -W -Wpointer-arith -Wformat-security -fno-exceptions -DQT_NO_EXCEPTIONS -fno-check-new -fno-common -Woverloaded-virtual  -D__KDE_HAVE_GCC_VISIBILITY    CMakeFiles/cmTryCompileExec2613788485.dir/src.cxx.o  -o cmTryCompileExec2613788485 -rdynamic 
make[1]: uscita dalla directory "/home/carlo/Dropbox/workspace/KDiamond/kdiamond/CMakeFiles/CMakeTmp"

Source file was:
int main() { return 0;}
Determining if the function XOpenDisplay exists in the /usr/lib/x86_64-linux-gnu/libX11.so;/usr/lib/x86_64-linux-gnu/libXext.so;/usr/lib/x86_64-linux-gnu/libXau.so;/usr/lib/x86_64-linux-gnu/libXdmcp.so passed with the following output:
Change Dir: /home/carlo/Dropbox/workspace/KDiamond/kdiamond/CMakeFiles/CMakeTmp

Run Build Command:/usr/bin/make "cmTryCompileExec1976452088/fast"
make[1]: Entering directory `/home/carlo/Dropbox/workspace/KDiamond/kdiamond/CMakeFiles/CMakeTmp'
/usr/bin/make -f CMakeFiles/cmTryCompileExec1976452088.dir/build.make CMakeFiles/cmTryCompileExec1976452088.dir/build
make[2]: Entering directory `/home/carlo/Dropbox/workspace/KDiamond/kdiamond/CMakeFiles/CMakeTmp'
/usr/bin/cmake -E cmake_progress_report /home/carlo/Dropbox/workspace/KDiamond/kdiamond/CMakeFiles/CMakeTmp/CMakeFiles 1
Building C object CMakeFiles/cmTryCompileExec1976452088.dir/CheckFunctionExists.c.o
/usr/bin/cc   -DCHECK_FUNCTION_EXISTS=XOpenDisplay   -o CMakeFiles/cmTryCompileExec1976452088.dir/CheckFunctionExists.c.o   -c /usr/share/cmake-2.8/Modules/CheckFunctionExists.c
Linking C executable cmTryCompileExec1976452088
/usr/bin/cmake -E cmake_link_script CMakeFiles/cmTryCompileExec1976452088.dir/link.txt --verbose=1
/usr/bin/cc     -DCHECK_FUNCTION_EXISTS=XOpenDisplay    CMakeFiles/cmTryCompileExec1976452088.dir/CheckFunctionExists.c.o  -o cmTryCompileExec1976452088 -rdynamic -lX11 -lXext -lXau -lXdmcp 
make[2]: Leaving directory `/home/carlo/Dropbox/workspace/KDiamond/kdiamond/CMakeFiles/CMakeTmp'
make[1]: Leaving directory `/home/carlo/Dropbox/workspace/KDiamond/kdiamond/CMakeFiles/CMakeTmp'


Determining if the function gethostbyname exists passed with the following output:
Change Dir: /home/carlo/Dropbox/workspace/KDiamond/kdiamond/CMakeFiles/CMakeTmp

Run Build Command:/usr/bin/make "cmTryCompileExec247467578/fast"
make[1]: Entering directory `/home/carlo/Dropbox/workspace/KDiamond/kdiamond/CMakeFiles/CMakeTmp'
/usr/bin/make -f CMakeFiles/cmTryCompileExec247467578.dir/build.make CMakeFiles/cmTryCompileExec247467578.dir/build
make[2]: Entering directory `/home/carlo/Dropbox/workspace/KDiamond/kdiamond/CMakeFiles/CMakeTmp'
/usr/bin/cmake -E cmake_progress_report /home/carlo/Dropbox/workspace/KDiamond/kdiamond/CMakeFiles/CMakeTmp/CMakeFiles 1
Building C object CMakeFiles/cmTryCompileExec247467578.dir/CheckFunctionExists.c.o
/usr/bin/cc   -DCHECK_FUNCTION_EXISTS=gethostbyname   -o CMakeFiles/cmTryCompileExec247467578.dir/CheckFunctionExists.c.o   -c /usr/share/cmake-2.8/Modules/CheckFunctionExists.c
Linking C executable cmTryCompileExec247467578
/usr/bin/cmake -E cmake_link_script CMakeFiles/cmTryCompileExec247467578.dir/link.txt --verbose=1
/usr/bin/cc     -DCHECK_FUNCTION_EXISTS=gethostbyname    CMakeFiles/cmTryCompileExec247467578.dir/CheckFunctionExists.c.o  -o cmTryCompileExec247467578 -rdynamic 
make[2]: Leaving directory `/home/carlo/Dropbox/workspace/KDiamond/kdiamond/CMakeFiles/CMakeTmp'
make[1]: Leaving directory `/home/carlo/Dropbox/workspace/KDiamond/kdiamond/CMakeFiles/CMakeTmp'


Determining if the function connect exists passed with the following output:
Change Dir: /home/carlo/Dropbox/workspace/KDiamond/kdiamond/CMakeFiles/CMakeTmp

Run Build Command:/usr/bin/make "cmTryCompileExec730095144/fast"
make[1]: Entering directory `/home/carlo/Dropbox/workspace/KDiamond/kdiamond/CMakeFiles/CMakeTmp'
/usr/bin/make -f CMakeFiles/cmTryCompileExec730095144.dir/build.make CMakeFiles/cmTryCompileExec730095144.dir/build
make[2]: Entering directory `/home/carlo/Dropbox/workspace/KDiamond/kdiamond/CMakeFiles/CMakeTmp'
/usr/bin/cmake -E cmake_progress_report /home/carlo/Dropbox/workspace/KDiamond/kdiamond/CMakeFiles/CMakeTmp/CMakeFiles 1
Building C object CMakeFiles/cmTryCompileExec730095144.dir/CheckFunctionExists.c.o
/usr/bin/cc   -DCHECK_FUNCTION_EXISTS=connect   -o CMakeFiles/cmTryCompileExec730095144.dir/CheckFunctionExists.c.o   -c /usr/share/cmake-2.8/Modules/CheckFunctionExists.c
Linking C executable cmTryCompileExec730095144
/usr/bin/cmake -E cmake_link_script CMakeFiles/cmTryCompileExec730095144.dir/link.txt --verbose=1
/usr/bin/cc     -DCHECK_FUNCTION_EXISTS=connect    CMakeFiles/cmTryCompileExec730095144.dir/CheckFunctionExists.c.o  -o cmTryCompileExec730095144 -rdynamic 
make[2]: Leaving directory `/home/carlo/Dropbox/workspace/KDiamond/kdiamond/CMakeFiles/CMakeTmp'
make[1]: Leaving directory `/home/carlo/Dropbox/workspace/KDiamond/kdiamond/CMakeFiles/CMakeTmp'


Determining if the function remove exists passed with the following output:
Change Dir: /home/carlo/Dropbox/workspace/KDiamond/kdiamond/CMakeFiles/CMakeTmp

Run Build Command:/usr/bin/make "cmTryCompileExec298239086/fast"
make[1]: Entering directory `/home/carlo/Dropbox/workspace/KDiamond/kdiamond/CMakeFiles/CMakeTmp'
/usr/bin/make -f CMakeFiles/cmTryCompileExec298239086.dir/build.make CMakeFiles/cmTryCompileExec298239086.dir/build
make[2]: Entering directory `/home/carlo/Dropbox/workspace/KDiamond/kdiamond/CMakeFiles/CMakeTmp'
/usr/bin/cmake -E cmake_progress_report /home/carlo/Dropbox/workspace/KDiamond/kdiamond/CMakeFiles/CMakeTmp/CMakeFiles 1
Building C object CMakeFiles/cmTryCompileExec298239086.dir/CheckFunctionExists.c.o
/usr/bin/cc   -DCHECK_FUNCTION_EXISTS=remove   -o CMakeFiles/cmTryCompileExec298239086.dir/CheckFunctionExists.c.o   -c /usr/share/cmake-2.8/Modules/CheckFunctionExists.c
Linking C executable cmTryCompileExec298239086
/usr/bin/cmake -E cmake_link_script CMakeFiles/cmTryCompileExec298239086.dir/link.txt --verbose=1
/usr/bin/cc     -DCHECK_FUNCTION_EXISTS=remove    CMakeFiles/cmTryCompileExec298239086.dir/CheckFunctionExists.c.o  -o cmTryCompileExec298239086 -rdynamic 
make[2]: Leaving directory `/home/carlo/Dropbox/workspace/KDiamond/kdiamond/CMakeFiles/CMakeTmp'
make[1]: Leaving directory `/home/carlo/Dropbox/workspace/KDiamond/kdiamond/CMakeFiles/CMakeTmp'


Determining if the function shmat exists passed with the following output:
Change Dir: /home/carlo/Dropbox/workspace/KDiamond/kdiamond/CMakeFiles/CMakeTmp

Run Build Command:/usr/bin/make "cmTryCompileExec3098915614/fast"
make[1]: Entering directory `/home/carlo/Dropbox/workspace/KDiamond/kdiamond/CMakeFiles/CMakeTmp'
/usr/bin/make -f CMakeFiles/cmTryCompileExec3098915614.dir/build.make CMakeFiles/cmTryCompileExec3098915614.dir/build
make[2]: Entering directory `/home/carlo/Dropbox/workspace/KDiamond/kdiamond/CMakeFiles/CMakeTmp'
/usr/bin/cmake -E cmake_progress_report /home/carlo/Dropbox/workspace/KDiamond/kdiamond/CMakeFiles/CMakeTmp/CMakeFiles 1
Building C object CMakeFiles/cmTryCompileExec3098915614.dir/CheckFunctionExists.c.o
/usr/bin/cc   -DCHECK_FUNCTION_EXISTS=shmat   -o CMakeFiles/cmTryCompileExec3098915614.dir/CheckFunctionExists.c.o   -c /usr/share/cmake-2.8/Modules/CheckFunctionExists.c
Linking C executable cmTryCompileExec3098915614
/usr/bin/cmake -E cmake_link_script CMakeFiles/cmTryCompileExec3098915614.dir/link.txt --verbose=1
/usr/bin/cc     -DCHECK_FUNCTION_EXISTS=shmat    CMakeFiles/cmTryCompileExec3098915614.dir/CheckFunctionExists.c.o  -o cmTryCompileExec3098915614 -rdynamic 
make[2]: Leaving directory `/home/carlo/Dropbox/workspace/KDiamond/kdiamond/CMakeFiles/CMakeTmp'
make[1]: Leaving directory `/home/carlo/Dropbox/workspace/KDiamond/kdiamond/CMakeFiles/CMakeTmp'


Determining if the Q_WS_X11 exist passed with the following output:
Change Dir: /home/carlo/Dropbox/workspace/KDiamond/CMakeFiles/CMakeTmp

Run Build Command:/usr/bin/make "cmTryCompileExec3312871914/fast"
/usr/bin/make -f CMakeFiles/cmTryCompileExec3312871914.dir/build.make CMakeFiles/cmTryCompileExec3312871914.dir/build
make[1]: ingresso nella directory "/home/carlo/Dropbox/workspace/KDiamond/CMakeFiles/CMakeTmp"
/usr/bin/cmake -E cmake_progress_report /home/carlo/Dropbox/workspace/KDiamond/CMakeFiles/CMakeTmp/CMakeFiles 1
Building C object CMakeFiles/cmTryCompileExec3312871914.dir/CheckSymbolExists.c.o
/usr/bin/cc   -I/usr/include/qt4    -o CMakeFiles/cmTryCompileExec3312871914.dir/CheckSymbolExists.c.o   -c /home/carlo/Dropbox/workspace/KDiamond/CMakeFiles/CMakeTmp/CheckSymbolExists.c
Linking C executable cmTryCompileExec3312871914
/usr/bin/cmake -E cmake_link_script CMakeFiles/cmTryCompileExec3312871914.dir/link.txt --verbose=1
/usr/bin/cc         CMakeFiles/cmTryCompileExec3312871914.dir/CheckSymbolExists.c.o  -o cmTryCompileExec3312871914 -rdynamic 
make[1]: uscita dalla directory "/home/carlo/Dropbox/workspace/KDiamond/CMakeFiles/CMakeTmp"

File /home/carlo/Dropbox/workspace/KDiamond/CMakeFiles/CMakeTmp/CheckSymbolExists.c:
/* */
#include <QtCore/qglobal.h>

int main(int argc, char** argv)
{
  (void)argv;
#ifndef Q_WS_X11
  return ((int*)(&Q_WS_X11))[argc];
#else
  (void)argc;
  return 0;
#endif
}

Determining if files pthread.h exist passed with the following output:
Change Dir: /home/carlo/Dropbox/workspace/KDiamond/CMakeFiles/CMakeTmp

Run Build Command:/usr/bin/make "cmTryCompileExec2362073465/fast"
/usr/bin/make -f CMakeFiles/cmTryCompileExec2362073465.dir/build.make CMakeFiles/cmTryCompileExec2362073465.dir/build
make[1]: ingresso nella directory "/home/carlo/Dropbox/workspace/KDiamond/CMakeFiles/CMakeTmp"
/usr/bin/cmake -E cmake_progress_report /home/carlo/Dropbox/workspace/KDiamond/CMakeFiles/CMakeTmp/CMakeFiles 1
Building C object CMakeFiles/cmTryCompileExec2362073465.dir/CheckIncludeFiles.c.o
/usr/bin/cc    -o CMakeFiles/cmTryCompileExec2362073465.dir/CheckIncludeFiles.c.o   -c /home/carlo/Dropbox/workspace/KDiamond/CMakeFiles/CMakeTmp/CheckIncludeFiles.c
Linking C executable cmTryCompileExec2362073465
/usr/bin/cmake -E cmake_link_script CMakeFiles/cmTryCompileExec2362073465.dir/link.txt --verbose=1
/usr/bin/cc         CMakeFiles/cmTryCompileExec2362073465.dir/CheckIncludeFiles.c.o  -o cmTryCompileExec2362073465 -rdynamic 
make[1]: uscita dalla directory "/home/carlo/Dropbox/workspace/KDiamond/CMakeFiles/CMakeTmp"


Determining if the function pthread_create exists in the pthread passed with the following output:
Change Dir: /home/carlo/Dropbox/workspace/KDiamond/CMakeFiles/CMakeTmp

Run Build Command:/usr/bin/make "cmTryCompileExec395077748/fast"
/usr/bin/make -f CMakeFiles/cmTryCompileExec395077748.dir/build.make CMakeFiles/cmTryCompileExec395077748.dir/build
make[1]: ingresso nella directory "/home/carlo/Dropbox/workspace/KDiamond/CMakeFiles/CMakeTmp"
/usr/bin/cmake -E cmake_progress_report /home/carlo/Dropbox/workspace/KDiamond/CMakeFiles/CMakeTmp/CMakeFiles 1
Building C object CMakeFiles/cmTryCompileExec395077748.dir/CheckFunctionExists.c.o
/usr/bin/cc   -DCHECK_FUNCTION_EXISTS=pthread_create   -o CMakeFiles/cmTryCompileExec395077748.dir/CheckFunctionExists.c.o   -c /usr/share/cmake-2.8/Modules/CheckFunctionExists.c
Linking C executable cmTryCompileExec395077748
/usr/bin/cmake -E cmake_link_script CMakeFiles/cmTryCompileExec395077748.dir/link.txt --verbose=1
/usr/bin/cc     -DCHECK_FUNCTION_EXISTS=pthread_create    CMakeFiles/cmTryCompileExec395077748.dir/CheckFunctionExists.c.o  -o cmTryCompileExec395077748 -rdynamic -lpthread 
make[1]: uscita dalla directory "/home/carlo/Dropbox/workspace/KDiamond/CMakeFiles/CMakeTmp"


Determining if the _POSIX_TIMERS exist passed with the following output:
Change Dir: /home/carlo/Dropbox/workspace/KDiamond/CMakeFiles/CMakeTmp

Run Build Command:/usr/bin/make "cmTryCompileExec3116494885/fast"
/usr/bin/make -f CMakeFiles/cmTryCompileExec3116494885.dir/build.make CMakeFiles/cmTryCompileExec3116494885.dir/build
make[1]: ingresso nella directory "/home/carlo/Dropbox/workspace/KDiamond/CMakeFiles/CMakeTmp"
/usr/bin/cmake -E cmake_progress_report /home/carlo/Dropbox/workspace/KDiamond/CMakeFiles/CMakeTmp/CMakeFiles 1
Building C object CMakeFiles/cmTryCompileExec3116494885.dir/CheckSymbolExists.c.o
/usr/bin/cc    -o CMakeFiles/cmTryCompileExec3116494885.dir/CheckSymbolExists.c.o   -c /home/carlo/Dropbox/workspace/KDiamond/CMakeFiles/CMakeTmp/CheckSymbolExists.c
Linking C executable cmTryCompileExec3116494885
/usr/bin/cmake -E cmake_link_script CMakeFiles/cmTryCompileExec3116494885.dir/link.txt --verbose=1
/usr/bin/cc         CMakeFiles/cmTryCompileExec3116494885.dir/CheckSymbolExists.c.o  -o cmTryCompileExec3116494885 -rdynamic -lrt 
make[1]: uscita dalla directory "/home/carlo/Dropbox/workspace/KDiamond/CMakeFiles/CMakeTmp"

File /home/carlo/Dropbox/workspace/KDiamond/CMakeFiles/CMakeTmp/CheckSymbolExists.c:
/* */
#include <unistd.h>
#include <time.h>

int main(int argc, char** argv)
{
  (void)argv;
#ifndef _POSIX_TIMERS
  return ((int*)(&_POSIX_TIMERS))[argc];
#else
  (void)argc;
  return 0;
#endif
}

Performing C++ SOURCE FILE Test _OFFT_IS_64BIT succeded with the following output:
Change Dir: /home/carlo/Dropbox/workspace/KDiamond/CMakeFiles/CMakeTmp

Run Build Command:/usr/bin/make "cmTryCompileExec1688418986/fast"
/usr/bin/make -f CMakeFiles/cmTryCompileExec1688418986.dir/build.make CMakeFiles/cmTryCompileExec1688418986.dir/build
make[1]: ingresso nella directory "/home/carlo/Dropbox/workspace/KDiamond/CMakeFiles/CMakeTmp"
/usr/bin/cmake -E cmake_progress_report /home/carlo/Dropbox/workspace/KDiamond/CMakeFiles/CMakeTmp/CMakeFiles 1
Building CXX object CMakeFiles/cmTryCompileExec1688418986.dir/src.cxx.o
/usr/bin/c++    -D_OFFT_IS_64BIT   -o CMakeFiles/cmTryCompileExec1688418986.dir/src.cxx.o -c /home/carlo/Dropbox/workspace/KDiamond/CMakeFiles/CMakeTmp/src.cxx
Linking CXX executable cmTryCompileExec1688418986
/usr/bin/cmake -E cmake_link_script CMakeFiles/cmTryCompileExec1688418986.dir/link.txt --verbose=1
/usr/bin/c++      -D_OFFT_IS_64BIT    CMakeFiles/cmTryCompileExec1688418986.dir/src.cxx.o  -o cmTryCompileExec1688418986 -rdynamic 
make[1]: uscita dalla directory "/home/carlo/Dropbox/workspace/KDiamond/CMakeFiles/CMakeTmp"

Source file was:

#include <sys/types.h>
 /* Check that off_t can represent 2**63 - 1 correctly.
    We can't simply define LARGE_OFF_T to be 9223372036854775807,
    since some C++ compilers masquerading as C compilers
    incorrectly reject 9223372036854775807.  */
#define LARGE_OFF_T (((off_t) 1 << 62) - 1 + ((off_t) 1 << 62))

  int off_t_is_large[(LARGE_OFF_T % 2147483629 == 721 && LARGE_OFF_T % 2147483647 == 1) ? 1 : -1];
  int main() { return 0; }

Performing C++ SOURCE FILE Test HAVE_FPIE_SUPPORT succeded with the following output:
Change Dir: /home/carlo/Dropbox/workspace/KDiamond/CMakeFiles/CMakeTmp

Run Build Command:/usr/bin/make "cmTryCompileExec1061313028/fast"
/usr/bin/make -f CMakeFiles/cmTryCompileExec1061313028.dir/build.make CMakeFiles/cmTryCompileExec1061313028.dir/build
make[1]: ingresso nella directory "/home/carlo/Dropbox/workspace/KDiamond/CMakeFiles/CMakeTmp"
/usr/bin/cmake -E cmake_progress_report /home/carlo/Dropbox/workspace/KDiamond/CMakeFiles/CMakeTmp/CMakeFiles 1
Building CXX object CMakeFiles/cmTryCompileExec1061313028.dir/src.cxx.o
/usr/bin/c++    -Wnon-virtual-dtor -Wno-long-long -Wundef -Wcast-align -Wchar-subscripts -Wall -W -Wpointer-arith -Wformat-security -fno-exceptions -DQT_NO_EXCEPTIONS -fno-check-new -fno-common  -DHAVE_FPIE_SUPPORT   -fPIE -o CMakeFiles/cmTryCompileExec1061313028.dir/src.cxx.o -c /home/carlo/Dropbox/workspace/KDiamond/CMakeFiles/CMakeTmp/src.cxx
Linking CXX executable cmTryCompileExec1061313028
/usr/bin/cmake -E cmake_link_script CMakeFiles/cmTryCompileExec1061313028.dir/link.txt --verbose=1
/usr/bin/c++     -Wnon-virtual-dtor -Wno-long-long -Wundef -Wcast-align -Wchar-subscripts -Wall -W -Wpointer-arith -Wformat-security -fno-exceptions -DQT_NO_EXCEPTIONS -fno-check-new -fno-common  -DHAVE_FPIE_SUPPORT    CMakeFiles/cmTryCompileExec1061313028.dir/src.cxx.o  -o cmTryCompileExec1061313028 -rdynamic 
make[1]: uscita dalla directory "/home/carlo/Dropbox/workspace/KDiamond/CMakeFiles/CMakeTmp"

Source file was:
int main() { return 0;}
Performing C++ SOURCE FILE Test __KDE_HAVE_W_OVERLOADED_VIRTUAL succeded with the following output:
Change Dir: /home/carlo/Dropbox/workspace/KDiamond/CMakeFiles/CMakeTmp

Run Build Command:/usr/bin/make "cmTryCompileExec1170838020/fast"
/usr/bin/make -f CMakeFiles/cmTryCompileExec1170838020.dir/build.make CMakeFiles/cmTryCompileExec1170838020.dir/build
make[1]: ingresso nella directory "/home/carlo/Dropbox/workspace/KDiamond/CMakeFiles/CMakeTmp"
/usr/bin/cmake -E cmake_progress_report /home/carlo/Dropbox/workspace/KDiamond/CMakeFiles/CMakeTmp/CMakeFiles 1
Building CXX object CMakeFiles/cmTryCompileExec1170838020.dir/src.cxx.o
/usr/bin/c++    -Wnon-virtual-dtor -Wno-long-long -Wundef -Wcast-align -Wchar-subscripts -Wall -W -Wpointer-arith -Wformat-security -fno-exceptions -DQT_NO_EXCEPTIONS -fno-check-new -fno-common  -D__KDE_HAVE_W_OVERLOADED_VIRTUAL   -Woverloaded-virtual -o CMakeFiles/cmTryCompileExec1170838020.dir/src.cxx.o -c /home/carlo/Dropbox/workspace/KDiamond/CMakeFiles/CMakeTmp/src.cxx
Linking CXX executable cmTryCompileExec1170838020
/usr/bin/cmake -E cmake_link_script CMakeFiles/cmTryCompileExec1170838020.dir/link.txt --verbose=1
/usr/bin/c++     -Wnon-virtual-dtor -Wno-long-long -Wundef -Wcast-align -Wchar-subscripts -Wall -W -Wpointer-arith -Wformat-security -fno-exceptions -DQT_NO_EXCEPTIONS -fno-check-new -fno-common  -D__KDE_HAVE_W_OVERLOADED_VIRTUAL    CMakeFiles/cmTryCompileExec1170838020.dir/src.cxx.o  -o cmTryCompileExec1170838020 -rdynamic 
make[1]: uscita dalla directory "/home/carlo/Dropbox/workspace/KDiamond/CMakeFiles/CMakeTmp"

Source file was:
int main() { return 0;}
Performing C++ SOURCE FILE Test __KDE_HAVE_GCC_VISIBILITY succeded with the following output:
Change Dir: /home/carlo/Dropbox/workspace/KDiamond/CMakeFiles/CMakeTmp

Run Build Command:/usr/bin/make "cmTryCompileExec3043110743/fast"
/usr/bin/make -f CMakeFiles/cmTryCompileExec3043110743.dir/build.make CMakeFiles/cmTryCompileExec3043110743.dir/build
make[1]: ingresso nella directory "/home/carlo/Dropbox/workspace/KDiamond/CMakeFiles/CMakeTmp"
/usr/bin/cmake -E cmake_progress_report /home/carlo/Dropbox/workspace/KDiamond/CMakeFiles/CMakeTmp/CMakeFiles 1
Building CXX object CMakeFiles/cmTryCompileExec3043110743.dir/src.cxx.o
/usr/bin/c++    -Wnon-virtual-dtor -Wno-long-long -Wundef -Wcast-align -Wchar-subscripts -Wall -W -Wpointer-arith -Wformat-security -fno-exceptions -DQT_NO_EXCEPTIONS -fno-check-new -fno-common -Woverloaded-virtual  -D__KDE_HAVE_GCC_VISIBILITY   -fvisibility=hidden -o CMakeFiles/cmTryCompileExec3043110743.dir/src.cxx.o -c /home/carlo/Dropbox/workspace/KDiamond/CMakeFiles/CMakeTmp/src.cxx
Linking CXX executable cmTryCompileExec3043110743
/usr/bin/cmake -E cmake_link_script CMakeFiles/cmTryCompileExec3043110743.dir/link.txt --verbose=1
/usr/bin/c++     -Wnon-virtual-dtor -Wno-long-long -Wundef -Wcast-align -Wchar-subscripts -Wall -W -Wpointer-arith -Wformat-security -fno-exceptions -DQT_NO_EXCEPTIONS -fno-check-new -fno-common -Woverloaded-virtual  -D__KDE_HAVE_GCC_VISIBILITY    CMakeFiles/cmTryCompileExec3043110743.dir/src.cxx.o  -o cmTryCompileExec3043110743 -rdynamic 
make[1]: uscita dalla directory "/home/carlo/Dropbox/workspace/KDiamond/CMakeFiles/CMakeTmp"

Source file was:
int main() { return 0;}
Determining if the function XOpenDisplay exists in the /usr/lib/x86_64-linux-gnu/libX11.so;/usr/lib/x86_64-linux-gnu/libXext.so;/usr/lib/x86_64-linux-gnu/libXau.so;/usr/lib/x86_64-linux-gnu/libXdmcp.so passed with the following output:
Change Dir: /home/carlo/Dropbox/workspace/KDiamond/CMakeFiles/CMakeTmp

Run Build Command:/usr/bin/make "cmTryCompileExec3674840678/fast"
make[1]: Entering directory `/home/carlo/Dropbox/workspace/KDiamond/CMakeFiles/CMakeTmp'
/usr/bin/make -f CMakeFiles/cmTryCompileExec3674840678.dir/build.make CMakeFiles/cmTryCompileExec3674840678.dir/build
make[2]: Entering directory `/home/carlo/Dropbox/workspace/KDiamond/CMakeFiles/CMakeTmp'
/usr/bin/cmake -E cmake_progress_report /home/carlo/Dropbox/workspace/KDiamond/CMakeFiles/CMakeTmp/CMakeFiles 1
Building C object CMakeFiles/cmTryCompileExec3674840678.dir/CheckFunctionExists.c.o
/usr/bin/cc   -DCHECK_FUNCTION_EXISTS=XOpenDisplay   -o CMakeFiles/cmTryCompileExec3674840678.dir/CheckFunctionExists.c.o   -c /usr/share/cmake-2.8/Modules/CheckFunctionExists.c
Linking C executable cmTryCompileExec3674840678
/usr/bin/cmake -E cmake_link_script CMakeFiles/cmTryCompileExec3674840678.dir/link.txt --verbose=1
/usr/bin/cc     -DCHECK_FUNCTION_EXISTS=XOpenDisplay    CMakeFiles/cmTryCompileExec3674840678.dir/CheckFunctionExists.c.o  -o cmTryCompileExec3674840678 -rdynamic -lX11 -lXext -lXau -lXdmcp 
make[2]: Leaving directory `/home/carlo/Dropbox/workspace/KDiamond/CMakeFiles/CMakeTmp'
make[1]: Leaving directory `/home/carlo/Dropbox/workspace/KDiamond/CMakeFiles/CMakeTmp'


Determining if the function gethostbyname exists passed with the following output:
Change Dir: /home/carlo/Dropbox/workspace/KDiamond/CMakeFiles/CMakeTmp

Run Build Command:/usr/bin/make "cmTryCompileExec1614894444/fast"
make[1]: Entering directory `/home/carlo/Dropbox/workspace/KDiamond/CMakeFiles/CMakeTmp'
/usr/bin/make -f CMakeFiles/cmTryCompileExec1614894444.dir/build.make CMakeFiles/cmTryCompileExec1614894444.dir/build
make[2]: Entering directory `/home/carlo/Dropbox/workspace/KDiamond/CMakeFiles/CMakeTmp'
/usr/bin/cmake -E cmake_progress_report /home/carlo/Dropbox/workspace/KDiamond/CMakeFiles/CMakeTmp/CMakeFiles 1
Building C object CMakeFiles/cmTryCompileExec1614894444.dir/CheckFunctionExists.c.o
/usr/bin/cc   -DCHECK_FUNCTION_EXISTS=gethostbyname   -o CMakeFiles/cmTryCompileExec1614894444.dir/CheckFunctionExists.c.o   -c /usr/share/cmake-2.8/Modules/CheckFunctionExists.c
Linking C executable cmTryCompileExec1614894444
/usr/bin/cmake -E cmake_link_script CMakeFiles/cmTryCompileExec1614894444.dir/link.txt --verbose=1
/usr/bin/cc     -DCHECK_FUNCTION_EXISTS=gethostbyname    CMakeFiles/cmTryCompileExec1614894444.dir/CheckFunctionExists.c.o  -o cmTryCompileExec1614894444 -rdynamic 
make[2]: Leaving directory `/home/carlo/Dropbox/workspace/KDiamond/CMakeFiles/CMakeTmp'
make[1]: Leaving directory `/home/carlo/Dropbox/workspace/KDiamond/CMakeFiles/CMakeTmp'


Determining if the function connect exists passed with the following output:
Change Dir: /home/carlo/Dropbox/workspace/KDiamond/CMakeFiles/CMakeTmp

Run Build Command:/usr/bin/make "cmTryCompileExec1824376077/fast"
make[1]: Entering directory `/home/carlo/Dropbox/workspace/KDiamond/CMakeFiles/CMakeTmp'
/usr/bin/make -f CMakeFiles/cmTryCompileExec1824376077.dir/build.make CMakeFiles/cmTryCompileExec1824376077.dir/build
make[2]: Entering directory `/home/carlo/Dropbox/workspace/KDiamond/CMakeFiles/CMakeTmp'
/usr/bin/cmake -E cmake_progress_report /home/carlo/Dropbox/workspace/KDiamond/CMakeFiles/CMakeTmp/CMakeFiles 1
Building C object CMakeFiles/cmTryCompileExec1824376077.dir/CheckFunctionExists.c.o
/usr/bin/cc   -DCHECK_FUNCTION_EXISTS=connect   -o CMakeFiles/cmTryCompileExec1824376077.dir/CheckFunctionExists.c.o   -c /usr/share/cmake-2.8/Modules/CheckFunctionExists.c
Linking C executable cmTryCompileExec1824376077
/usr/bin/cmake -E cmake_link_script CMakeFiles/cmTryCompileExec1824376077.dir/link.txt --verbose=1
/usr/bin/cc     -DCHECK_FUNCTION_EXISTS=connect    CMakeFiles/cmTryCompileExec1824376077.dir/CheckFunctionExists.c.o  -o cmTryCompileExec1824376077 -rdynamic 
make[2]: Leaving directory `/home/carlo/Dropbox/workspace/KDiamond/CMakeFiles/CMakeTmp'
make[1]: Leaving directory `/home/carlo/Dropbox/workspace/KDiamond/CMakeFiles/CMakeTmp'


Determining if the function remove exists passed with the following output:
Change Dir: /home/carlo/Dropbox/workspace/KDiamond/CMakeFiles/CMakeTmp

Run Build Command:/usr/bin/make "cmTryCompileExec2714538430/fast"
make[1]: Entering directory `/home/carlo/Dropbox/workspace/KDiamond/CMakeFiles/CMakeTmp'
/usr/bin/make -f CMakeFiles/cmTryCompileExec2714538430.dir/build.make CMakeFiles/cmTryCompileExec2714538430.dir/build
make[2]: Entering directory `/home/carlo/Dropbox/workspace/KDiamond/CMakeFiles/CMakeTmp'
/usr/bin/cmake -E cmake_progress_report /home/carlo/Dropbox/workspace/KDiamond/CMakeFiles/CMakeTmp/CMakeFiles 1
Building C object CMakeFiles/cmTryCompileExec2714538430.dir/CheckFunctionExists.c.o
/usr/bin/cc   -DCHECK_FUNCTION_EXISTS=remove   -o CMakeFiles/cmTryCompileExec2714538430.dir/CheckFunctionExists.c.o   -c /usr/share/cmake-2.8/Modules/CheckFunctionExists.c
Linking C executable cmTryCompileExec2714538430
/usr/bin/cmake -E cmake_link_script CMakeFiles/cmTryCompileExec2714538430.dir/link.txt --verbose=1
/usr/bin/cc     -DCHECK_FUNCTION_EXISTS=remove    CMakeFiles/cmTryCompileExec2714538430.dir/CheckFunctionExists.c.o  -o cmTryCompileExec2714538430 -rdynamic 
make[2]: Leaving directory `/home/carlo/Dropbox/workspace/KDiamond/CMakeFiles/CMakeTmp'
make[1]: Leaving directory `/home/carlo/Dropbox/workspace/KDiamond/CMakeFiles/CMakeTmp'


Determining if the function shmat exists passed with the following output:
Change Dir: /home/carlo/Dropbox/workspace/KDiamond/CMakeFiles/CMakeTmp

Run Build Command:/usr/bin/make "cmTryCompileExec1653928174/fast"
make[1]: Entering directory `/home/carlo/Dropbox/workspace/KDiamond/CMakeFiles/CMakeTmp'
/usr/bin/make -f CMakeFiles/cmTryCompileExec1653928174.dir/build.make CMakeFiles/cmTryCompileExec1653928174.dir/build
make[2]: Entering directory `/home/carlo/Dropbox/workspace/KDiamond/CMakeFiles/CMakeTmp'
/usr/bin/cmake -E cmake_progress_report /home/carlo/Dropbox/workspace/KDiamond/CMakeFiles/CMakeTmp/CMakeFiles 1
Building C object CMakeFiles/cmTryCompileExec1653928174.dir/CheckFunctionExists.c.o
/usr/bin/cc   -DCHECK_FUNCTION_EXISTS=shmat   -o CMakeFiles/cmTryCompileExec1653928174.dir/CheckFunctionExists.c.o   -c /usr/share/cmake-2.8/Modules/CheckFunctionExists.c
Linking C executable cmTryCompileExec1653928174
/usr/bin/cmake -E cmake_link_script CMakeFiles/cmTryCompileExec1653928174.dir/link.txt --verbose=1
/usr/bin/cc     -DCHECK_FUNCTION_EXISTS=shmat    CMakeFiles/cmTryCompileExec1653928174.dir/CheckFunctionExists.c.o  -o cmTryCompileExec1653928174 -rdynamic 
make[2]: Leaving directory `/home/carlo/Dropbox/workspace/KDiamond/CMakeFiles/CMakeTmp'
make[1]: Leaving directory `/home/carlo/Dropbox/workspace/KDiamond/CMakeFiles/CMakeTmp'


